-------------------------------------------------------------------------------
Test set: hu.nye.progtech.torpedo.TorpedoApplicationTests
-------------------------------------------------------------------------------
Tests run: 1, Failures: 0, Errors: 1, Skipped: 0, Time elapsed: 1.813 s <<< FAILURE! - in hu.nye.progtech.torpedo.TorpedoApplicationTests
hu.nye.progtech.torpedo.TorpedoApplicationTests.contextLoads  Time elapsed: 0 s  <<< ERROR!
java.lang.IllegalStateException: Failed to load ApplicationContext
Caused by: org.springframework.beans.factory.support.BeanDefinitionOverrideException: Invalid bean definition with name 'gameResultService' defined in hu.nye.progtech.torpedo.TorpedoApplication$Config: Cannot register bean definition [Root bean: class [null]; scope=; abstract=false; lazyInit=null; autowireMode=3; dependencyCheck=0; autowireCandidate=true; primary=false; factoryBeanName=hu.nye.progtech.torpedo.TorpedoApplication$Config; factoryMethodName=gameResultService; initMethodName=null; destroyMethodName=(inferred); defined in hu.nye.progtech.torpedo.TorpedoApplication$Config] for bean 'gameResultService': There is already [Generic bean: class [hu.nye.progtech.torpedo.GameResultService]; scope=singleton; abstract=false; lazyInit=null; autowireMode=0; dependencyCheck=0; autowireCandidate=true; primary=false; factoryBeanName=null; factoryMethodName=null; initMethodName=null; destroyMethodName=null; defined in file [C:\Users\nagyp\Desktop\FAST\torpedo\target\classes\hu\nye\progtech\torpedo\GameResultService.class]] bound.

